<?xml version="1.0" encoding="UTF-8"?>
<!-- Generated by org.testng.reporters.JUnitReportReporter -->
<testsuite hostname="OJAS00202" name="cloudBase.CloudTesting" tests="1" failures="0" timestamp="31 Oct 2019 09:50:50 GMT" time="22.041" errors="0">
  <testcase name="start" time="22.041" classname="cloudBase.CloudTesting"/>
</testsuite> <!-- cloudBase.CloudTesting -->
